{
  "Cucumber Features": {
    "coverage": {
      "/Users/Mushuwushu/CareerNet/app/models/account.rb": [
        1,
        1,
        1,
        1,
        null,
        1,
        null,
        1,
        1,
        1,
        1,
        1,
        null,
        null
      ],
      "/Users/Mushuwushu/CareerNet/app/controllers/accounts_controller.rb": [
        1,
        1,
        1,
        null,
        1,
        null,
        null,
        1,
        null,
        null,
        1,
        3,
        2,
        2,
        2,
        null,
        null,
        3,
        1,
        1,
        1,
        null,
        2,
        2,
        null,
        null,
        null,
        1,
        null,
        null,
        1,
        3,
        3,
        1,
        1,
        1,
        null,
        2,
        0,
        null,
        2,
        2,
        2,
        2,
        2,
        1,
        1,
        null,
        null,
        1,
        1,
        null,
        null,
        null,
        null,
        1,
        null,
        null,
        null,
        1,
        2,
        2,
        1,
        1,
        1,
        null,
        1,
        1,
        1,
        null,
        null,
        1,
        null,
        null,
        null,
        1,
        4,
        null,
        null,
        1,
        3,
        3,
        1,
        null,
        null,
        2,
        1,
        null,
        1,
        1,
        null,
        null,
        null,
        null,
        null,
        1,
        4,
        1,
        1,
        1,
        null,
        3,
        null,
        null,
        1,
        0,
        0,
        0,
        0,
        null,
        null,
        1,
        1,
        33,
        null,
        null
      ],
      "/Users/Mushuwushu/CareerNet/app/controllers/application_controller.rb": [
        1,
        null,
        null,
        1,
        null,
        1,
        null,
        1,
        4,
        3,
        3,
        3,
        null,
        1,
        null,
        null,
        null
      ],
      "/Users/Mushuwushu/CareerNet/app/helpers/application_helper.rb": [
        1,
        null
      ],
      "/Users/Mushuwushu/CareerNet/app/helpers/account_helper.rb": [
        1,
        null
      ],
      "/Users/Mushuwushu/CareerNet/app/helpers/profiles_helper.rb": [
        1,
        null
      ],
      "/Users/Mushuwushu/CareerNet/app/mailers/accounts_mailer.rb": [
        1,
        1,
        1,
        1,
        1,
        1,
        null,
        null
      ],
      "/Users/Mushuwushu/CareerNet/app/models/event.rb": [
        1,
        null
      ],
      "/Users/Mushuwushu/CareerNet/app/controllers/events_controller.rb": [
        1,
        null,
        1,
        4,
        4,
        null,
        null,
        1,
        11,
        null,
        null,
        1,
        null,
        null,
        1,
        1,
        1,
        null,
        null,
        null,
        null,
        null,
        null,
        null,
        null,
        null,
        null,
        1,
        1,
        1,
        1,
        null,
        null
      ],
      "/Users/Mushuwushu/CareerNet/app/models/job.rb": [
        1,
        1,
        null
      ],
      "/Users/Mushuwushu/CareerNet/app/models/company.rb": [
        1,
        1,
        null
      ],
      "/Users/Mushuwushu/CareerNet/app/controllers/jobs_controller.rb": [
        1,
        null,
        1,
        3,
        3,
        1,
        null,
        3,
        1,
        null,
        2,
        null,
        null,
        null,
        null,
        null,
        null,
        null,
        null,
        null,
        null,
        null,
        null,
        1,
        1,
        1,
        null,
        null,
        1,
        0,
        null,
        null,
        null
      ]
    },
    "timestamp": 1426235993
  },
  "RSpec": {
    "coverage": {
      "/home/saasbook/temp/CareerNet/app/helpers/account_helper.rb": [
        1,
        null
      ],
      "/home/saasbook/temp/CareerNet/app/helpers/application_helper.rb": [
        1,
        null
      ],
      "/home/saasbook/temp/CareerNet/app/controllers/events_controller.rb": [
        1,
        null,
        1,
        0,
        0,
        null,
        null,
        1,
        0,
        null,
        null,
        1,
        null,
        null,
        1,
        0,
        0,
        null,
        null,
        null,
        null,
        null,
        null,
        null,
        null,
        null,
        null,
        1,
        0,
        0,
        0,
        null,
        null
      ],
      "/home/saasbook/temp/CareerNet/app/controllers/application_controller.rb": [
        1,
        null,
        null,
        1,
        null,
        1,
        null,
        1,
        0,
        0,
        0,
        0,
        null,
        0,
        null,
        null,
        null
      ],
      "/home/saasbook/temp/CareerNet/app/models/event.rb": [
        1,
        null
      ]
    },
    "timestamp": 1426226415
  }
}
